{
  "RSpec": {
    "coverage": {
      "/Users/harrywynnwilliams/Projects/pairing-tests/fruit-machine/spec/bank_spec.rb": [
        1,
        1,
        6,
        6,
        2,
        2,
        3,
        null,
        1,
        1,
        null,
        1,
        1,
        4,
        1,
        null,
        null,
        1,
        1,
        4,
        1,
        null,
        null,
        1,
        1,
        4,
        null,
        null,
        1,
        1,
        1,
        1,
        null,
        null,
        null,
        null
      ],
      "/Users/harrywynnwilliams/Projects/pairing-tests/fruit-machine/lib/bank.rb": [
        1,
        null,
        1,
        1,
        1,
        1,
        1,
        null,
        1,
        null,
        1,
        9,
        9,
        9,
        null,
        null,
        1,
        5,
        5,
        null,
        null,
        1,
        3,
        15,
        2,
        null,
        13,
        13,
        null,
        null,
        null,
        null,
        1,
        2,
        2,
        null,
        null,
        1,
        2,
        2,
        2,
        null,
        null,
        1,
        5,
        null,
        null,
        1,
        18,
        null,
        null,
        1,
        null,
        1,
        17,
        null,
        null
      ],
      "/Users/harrywynnwilliams/Projects/pairing-tests/fruit-machine/spec/feature_spec.rb": [
        1,
        1,
        1,
        null,
        1,
        5,
        1,
        1,
        1,
        1,
        1,
        1,
        1,
        null,
        1,
        1,
        1,
        1,
        1,
        1,
        1,
        1,
        1,
        1,
        1,
        1,
        1,
        null,
        1,
        1,
        1,
        1,
        1,
        1,
        1,
        1,
        1,
        1,
        1,
        1,
        1,
        null,
        1,
        1,
        1,
        1,
        1,
        1,
        1,
        1,
        1,
        1,
        1,
        1,
        1,
        1,
        null,
        null
      ],
      "/Users/harrywynnwilliams/Projects/pairing-tests/fruit-machine/lib/fruitmachine.rb": [
        1,
        null,
        1,
        null,
        1,
        null,
        1,
        null,
        1,
        1,
        null,
        1,
        10,
        10,
        10,
        null,
        null,
        1,
        15,
        3,
        null,
        null,
        1,
        33,
        null,
        null,
        1,
        5,
        null,
        null,
        1,
        4,
        null,
        null,
        1,
        4,
        3,
        1,
        null,
        null,
        null
      ],
      "/Users/harrywynnwilliams/Projects/pairing-tests/fruit-machine/lib/rules.rb": [
        1,
        null,
        1,
        19,
        null,
        null,
        1,
        2,
        null,
        null,
        1,
        13,
        null,
        null,
        null
      ],
      "/Users/harrywynnwilliams/Projects/pairing-tests/fruit-machine/lib/gambler.rb": [
        1,
        1,
        null,
        1,
        null,
        1,
        7,
        null,
        null,
        1,
        5,
        null,
        null,
        1,
        13,
        null,
        null
      ],
      "/Users/harrywynnwilliams/Projects/pairing-tests/fruit-machine/spec/fruitmachine_spec.rb": [
        1,
        1,
        null,
        1,
        7,
        7,
        1,
        1,
        1,
        1,
        1,
        null,
        null,
        1,
        1,
        1,
        1,
        1,
        1,
        1,
        1,
        1,
        1,
        1,
        null,
        null,
        1,
        1,
        1,
        1,
        1,
        1,
        1,
        1,
        1,
        1,
        1,
        null,
        null,
        1,
        1,
        1,
        1,
        null,
        null,
        1,
        1,
        1,
        1,
        1,
        null,
        null,
        1,
        1,
        1,
        1,
        1,
        null,
        null,
        null,
        null
      ],
      "/Users/harrywynnwilliams/Projects/pairing-tests/fruit-machine/spec/gambler_spec.rb": [
        1,
        1,
        4,
        null,
        null,
        1,
        1,
        null,
        1,
        1,
        1,
        1,
        null,
        null,
        1,
        1,
        1,
        1,
        null,
        null,
        null
      ]
    },
    "timestamp": 1468584964
  }
}
